-------------------------------------------------------------------------------
Test set: guru.microservices.msscbreweryclient.web.client.BreweryClientTest
-------------------------------------------------------------------------------
Tests run: 8, Failures: 0, Errors: 8, Skipped: 0, Time elapsed: 10.039 s <<< FAILURE! - in guru.microservices.msscbreweryclient.web.client.BreweryClientTest
getCustomerById  Time elapsed: 0.767 s  <<< ERROR!
org.springframework.web.client.ResourceAccessException: I/O error on GET request for "http://localhost:8080/api/v1/customer/0858f150-4611-4dcd-aacd-d307ed2d46c1": Connect to localhost:8080 [localhost/127.0.0.1, localhost/0:0:0:0:0:0:0:1] failed: Connection refused (Connection refused); nested exception is org.apache.http.conn.HttpHostConnectException: Connect to localhost:8080 [localhost/127.0.0.1, localhost/0:0:0:0:0:0:0:1] failed: Connection refused (Connection refused)
	at guru.microservices.msscbreweryclient.web.client.BreweryClientTest.getCustomerById(BreweryClientTest.java:57)
Caused by: org.apache.http.conn.HttpHostConnectException: Connect to localhost:8080 [localhost/127.0.0.1, localhost/0:0:0:0:0:0:0:1] failed: Connection refused (Connection refused)
	at guru.microservices.msscbreweryclient.web.client.BreweryClientTest.getCustomerById(BreweryClientTest.java:57)
Caused by: java.net.ConnectException: Connection refused (Connection refused)
	at guru.microservices.msscbreweryclient.web.client.BreweryClientTest.getCustomerById(BreweryClientTest.java:57)

testSaveNewCustomer  Time elapsed: 0.046 s  <<< ERROR!
org.springframework.web.client.ResourceAccessException: I/O error on POST request for "http://localhost:8080/api/v1/customer/": Connect to localhost:8080 [localhost/127.0.0.1, localhost/0:0:0:0:0:0:0:1] failed: Connection refused (Connection refused); nested exception is org.apache.http.conn.HttpHostConnectException: Connect to localhost:8080 [localhost/127.0.0.1, localhost/0:0:0:0:0:0:0:1] failed: Connection refused (Connection refused)
	at guru.microservices.msscbreweryclient.web.client.BreweryClientTest.testSaveNewCustomer(BreweryClientTest.java:68)
Caused by: org.apache.http.conn.HttpHostConnectException: Connect to localhost:8080 [localhost/127.0.0.1, localhost/0:0:0:0:0:0:0:1] failed: Connection refused (Connection refused)
	at guru.microservices.msscbreweryclient.web.client.BreweryClientTest.testSaveNewCustomer(BreweryClientTest.java:68)
Caused by: java.net.ConnectException: Connection refused (Connection refused)
	at guru.microservices.msscbreweryclient.web.client.BreweryClientTest.testSaveNewCustomer(BreweryClientTest.java:68)

testUpdateBeer  Time elapsed: 0.015 s  <<< ERROR!
org.springframework.web.client.ResourceAccessException: I/O error on PUT request for "http://localhost:8080/api/v1/beer/2a1dc844-2c12-4849-a566-0db83cf8211c": Connect to localhost:8080 [localhost/127.0.0.1, localhost/0:0:0:0:0:0:0:1] failed: Connection refused (Connection refused); nested exception is org.apache.http.conn.HttpHostConnectException: Connect to localhost:8080 [localhost/127.0.0.1, localhost/0:0:0:0:0:0:0:1] failed: Connection refused (Connection refused)
	at guru.microservices.msscbreweryclient.web.client.BreweryClientTest.testUpdateBeer(BreweryClientTest.java:46)
Caused by: org.apache.http.conn.HttpHostConnectException: Connect to localhost:8080 [localhost/127.0.0.1, localhost/0:0:0:0:0:0:0:1] failed: Connection refused (Connection refused)
	at guru.microservices.msscbreweryclient.web.client.BreweryClientTest.testUpdateBeer(BreweryClientTest.java:46)
Caused by: java.net.ConnectException: Connection refused (Connection refused)
	at guru.microservices.msscbreweryclient.web.client.BreweryClientTest.testUpdateBeer(BreweryClientTest.java:46)

getBeerById  Time elapsed: 0.012 s  <<< ERROR!
org.springframework.web.client.ResourceAccessException: I/O error on GET request for "http://localhost:8080/api/v1/beer/6d5b90bc-97de-4174-9bc6-c97fd8c7ea0d": Connect to localhost:8080 [localhost/127.0.0.1, localhost/0:0:0:0:0:0:0:1] failed: Connection refused (Connection refused); nested exception is org.apache.http.conn.HttpHostConnectException: Connect to localhost:8080 [localhost/127.0.0.1, localhost/0:0:0:0:0:0:0:1] failed: Connection refused (Connection refused)
	at guru.microservices.msscbreweryclient.web.client.BreweryClientTest.getBeerById(BreweryClientTest.java:22)
Caused by: org.apache.http.conn.HttpHostConnectException: Connect to localhost:8080 [localhost/127.0.0.1, localhost/0:0:0:0:0:0:0:1] failed: Connection refused (Connection refused)
	at guru.microservices.msscbreweryclient.web.client.BreweryClientTest.getBeerById(BreweryClientTest.java:22)
Caused by: java.net.ConnectException: Connection refused (Connection refused)
	at guru.microservices.msscbreweryclient.web.client.BreweryClientTest.getBeerById(BreweryClientTest.java:22)

testUpdateCustomer  Time elapsed: 0.008 s  <<< ERROR!
org.springframework.web.client.ResourceAccessException: I/O error on PUT request for "http://localhost:8080/api/v1/customer/1a3e96e7-bd90-42a2-aae5-3fa16428f88e": Connect to localhost:8080 [localhost/127.0.0.1, localhost/0:0:0:0:0:0:0:1] failed: Connection refused (Connection refused); nested exception is org.apache.http.conn.HttpHostConnectException: Connect to localhost:8080 [localhost/127.0.0.1, localhost/0:0:0:0:0:0:0:1] failed: Connection refused (Connection refused)
	at guru.microservices.msscbreweryclient.web.client.BreweryClientTest.testUpdateCustomer(BreweryClientTest.java:81)
Caused by: org.apache.http.conn.HttpHostConnectException: Connect to localhost:8080 [localhost/127.0.0.1, localhost/0:0:0:0:0:0:0:1] failed: Connection refused (Connection refused)
	at guru.microservices.msscbreweryclient.web.client.BreweryClientTest.testUpdateCustomer(BreweryClientTest.java:81)
Caused by: java.net.ConnectException: Connection refused (Connection refused)
	at guru.microservices.msscbreweryclient.web.client.BreweryClientTest.testUpdateCustomer(BreweryClientTest.java:81)

testDeleteBeer  Time elapsed: 0.008 s  <<< ERROR!
org.springframework.web.client.ResourceAccessException: I/O error on DELETE request for "http://localhost:8080/api/v1/beer/7fdbc854-fce0-40c2-9ae7-3f5867009114": Connect to localhost:8080 [localhost/127.0.0.1, localhost/0:0:0:0:0:0:0:1] failed: Connection refused (Connection refused); nested exception is org.apache.http.conn.HttpHostConnectException: Connect to localhost:8080 [localhost/127.0.0.1, localhost/0:0:0:0:0:0:0:1] failed: Connection refused (Connection refused)
	at guru.microservices.msscbreweryclient.web.client.BreweryClientTest.testDeleteBeer(BreweryClientTest.java:52)
Caused by: org.apache.http.conn.HttpHostConnectException: Connect to localhost:8080 [localhost/127.0.0.1, localhost/0:0:0:0:0:0:0:1] failed: Connection refused (Connection refused)
	at guru.microservices.msscbreweryclient.web.client.BreweryClientTest.testDeleteBeer(BreweryClientTest.java:52)
Caused by: java.net.ConnectException: Connection refused (Connection refused)
	at guru.microservices.msscbreweryclient.web.client.BreweryClientTest.testDeleteBeer(BreweryClientTest.java:52)

testDeleteCustomer  Time elapsed: 0.007 s  <<< ERROR!
org.springframework.web.client.ResourceAccessException: I/O error on DELETE request for "http://localhost:8080/api/v1/customer/ee50d10f-7239-4b08-bfb4-5e1954a99af3": Connect to localhost:8080 [localhost/127.0.0.1, localhost/0:0:0:0:0:0:0:1] failed: Connection refused (Connection refused); nested exception is org.apache.http.conn.HttpHostConnectException: Connect to localhost:8080 [localhost/127.0.0.1, localhost/0:0:0:0:0:0:0:1] failed: Connection refused (Connection refused)
	at guru.microservices.msscbreweryclient.web.client.BreweryClientTest.testDeleteCustomer(BreweryClientTest.java:87)
Caused by: org.apache.http.conn.HttpHostConnectException: Connect to localhost:8080 [localhost/127.0.0.1, localhost/0:0:0:0:0:0:0:1] failed: Connection refused (Connection refused)
	at guru.microservices.msscbreweryclient.web.client.BreweryClientTest.testDeleteCustomer(BreweryClientTest.java:87)
Caused by: java.net.ConnectException: Connection refused (Connection refused)
	at guru.microservices.msscbreweryclient.web.client.BreweryClientTest.testDeleteCustomer(BreweryClientTest.java:87)

testSaveNewBeer  Time elapsed: 0.01 s  <<< ERROR!
org.springframework.web.client.ResourceAccessException: I/O error on POST request for "http://localhost:8080/api/v1/beer/": Connect to localhost:8080 [localhost/127.0.0.1, localhost/0:0:0:0:0:0:0:1] failed: Connection refused (Connection refused); nested exception is org.apache.http.conn.HttpHostConnectException: Connect to localhost:8080 [localhost/127.0.0.1, localhost/0:0:0:0:0:0:0:1] failed: Connection refused (Connection refused)
	at guru.microservices.msscbreweryclient.web.client.BreweryClientTest.testSaveNewBeer(BreweryClientTest.java:33)
Caused by: org.apache.http.conn.HttpHostConnectException: Connect to localhost:8080 [localhost/127.0.0.1, localhost/0:0:0:0:0:0:0:1] failed: Connection refused (Connection refused)
	at guru.microservices.msscbreweryclient.web.client.BreweryClientTest.testSaveNewBeer(BreweryClientTest.java:33)
Caused by: java.net.ConnectException: Connection refused (Connection refused)
	at guru.microservices.msscbreweryclient.web.client.BreweryClientTest.testSaveNewBeer(BreweryClientTest.java:33)

