<?xml version="1.0" encoding="UTF-8"?>
<testsuite xmlns:xsi="http://www.w3.org/2001/XMLSchema-instance" xsi:noNamespaceSchemaLocation="https://maven.apache.org/surefire/maven-surefire-plugin/xsd/surefire-test-report.xsd" name="guru.microservices.msscbreweryclient.web.client.BreweryClientTest" time="10.039" tests="8" errors="8" skipped="0" failures="0">
  <properties>
[...]
</properties>
  <testcase name="getCustomerById" classname="guru.microservices.msscbreweryclient.web.client.BreweryClientTest" time="0.767">
    <error message="I/O error on GET request for &quot;http://localhost:8080/api/v1/customer/0858f150-4611-4dcd-aacd-d307ed2d46c1&quot;: Connect to localhost:8080 [localhost/127.0.0.1, localhost/0:0:0:0:0:0:0:1] failed: Connection refused (Connection refused); nested exception is org.apache.http.conn.HttpHostConnectException: Connect to localhost:8080 [localhost/127.0.0.1, localhost/0:0:0:0:0:0:0:1] failed: Connection refused (Connection refused)" type="org.springframework.web.client.ResourceAccessException">org.springframework.web.client.ResourceAccessException: I/O error on GET request for "http://localhost:8080/api/v1/customer/0858f150-4611-4dcd-aacd-d307ed2d46c1": Connect to localhost:8080 [localhost/127.0.0.1, localhost/0:0:0:0:0:0:0:1] failed: Connection refused (Connection refused); nested exception is org.apache.http.conn.HttpHostConnectException: Connect to localhost:8080 [localhost/127.0.0.1, localhost/0:0:0:0:0:0:0:1] failed: Connection refused (Connection refused)
	at guru.microservices.msscbreweryclient.web.client.BreweryClientTest.getCustomerById(BreweryClientTest.java:57)
Caused by: org.apache.http.conn.HttpHostConnectException: Connect to localhost:8080 [localhost/127.0.0.1, localhost/0:0:0:0:0:0:0:1] failed: Connection refused (Connection refused)
	at guru.microservices.msscbreweryclient.web.client.BreweryClientTest.getCustomerById(BreweryClientTest.java:57)
Caused by: java.net.ConnectException: Connection refused (Connection refused)
	at guru.microservices.msscbreweryclient.web.client.BreweryClientTest.getCustomerById(BreweryClientTest.java:57)
</error>
    <system-out><![CDATA[16:37:12.434 [main] DEBUG org.springframework.test.context.BootstrapUtils - Instantiating CacheAwareContextLoaderDelegate from class [org.springframework.test.context.cache.DefaultCacheAwareContextLoaderDelegate]
16:37:12.466 [main] DEBUG org.springframework.test.context.BootstrapUtils - Instantiating BootstrapContext using constructor [public org.springframework.test.context.support.DefaultBootstrapContext(java.lang.Class,org.springframework.test.context.CacheAwareContextLoaderDelegate)]
16:37:12.496 [main] DEBUG org.springframework.test.context.BootstrapUtils - Instantiating TestContextBootstrapper for test class [guru.microservices.msscbreweryclient.web.client.BreweryClientTest] from class [org.springframework.boot.test.context.SpringBootTestContextBootstrapper]
16:37:12.516 [main] INFO org.springframework.boot.test.context.SpringBootTestContextBootstrapper - Neither @ContextConfiguration nor @ContextHierarchy found for test class [guru.microservices.msscbreweryclient.web.client.BreweryClientTest], using SpringBootContextLoader
16:37:12.522 [main] DEBUG org.springframework.test.context.support.AbstractContextLoader - Did not detect default resource location for test class [guru.microservices.msscbreweryclient.web.client.BreweryClientTest]: class path resource [guru/microservices/msscbreweryclient/web/client/BreweryClientTest-context.xml] does not exist
16:37:12.523 [main] DEBUG org.springframework.test.context.support.AbstractContextLoader - Did not detect default resource location for test class [guru.microservices.msscbreweryclient.web.client.BreweryClientTest]: class path resource [guru/microservices/msscbreweryclient/web/client/BreweryClientTestContext.groovy] does not exist
16:37:12.525 [main] INFO org.springframework.test.context.support.AbstractContextLoader - Could not detect default resource locations for test class [guru.microservices.msscbreweryclient.web.client.BreweryClientTest]: no resource found for suffixes {-context.xml, Context.groovy}.
16:37:12.528 [main] INFO org.springframework.test.context.support.AnnotationConfigContextLoaderUtils - Could not detect default configuration classes for test class [guru.microservices.msscbreweryclient.web.client.BreweryClientTest]: BreweryClientTest does not declare any static, non-private, non-final, nested classes annotated with @Configuration.
16:37:12.597 [main] DEBUG org.springframework.test.context.support.ActiveProfilesUtils - Could not find an 'annotation declaring class' for annotation type [org.springframework.test.context.ActiveProfiles] and class [guru.microservices.msscbreweryclient.web.client.BreweryClientTest]
16:37:12.724 [main] DEBUG org.springframework.context.annotation.ClassPathScanningCandidateComponentProvider - Identified candidate component class: file [/Users/sevevaldez/Desktop/Mssc-brewery-client/target/classes/guru/microservices/msscbreweryclient/MsscBreweryClientApplication.class]
16:37:12.727 [main] INFO org.springframework.boot.test.context.SpringBootTestContextBootstrapper - Found @SpringBootConfiguration guru.microservices.msscbreweryclient.MsscBreweryClientApplication for test class guru.microservices.msscbreweryclient.web.client.BreweryClientTest
16:37:12.865 [main] DEBUG org.springframework.boot.test.context.SpringBootTestContextBootstrapper - @TestExecutionListeners is not present for class [guru.microservices.msscbreweryclient.web.client.BreweryClientTest]: using defaults.
16:37:12.867 [main] INFO org.springframework.boot.test.context.SpringBootTestContextBootstrapper - Loaded default TestExecutionListener class names from location [META-INF/spring.factories]: [org.springframework.boot.test.mock.mockito.MockitoTestExecutionListener, org.springframework.boot.test.mock.mockito.ResetMocksTestExecutionListener, org.springframework.boot.test.autoconfigure.restdocs.RestDocsTestExecutionListener, org.springframework.boot.test.autoconfigure.web.client.MockRestServiceServerResetTestExecutionListener, org.springframework.boot.test.autoconfigure.web.servlet.MockMvcPrintOnlyOnFailureTestExecutionListener, org.springframework.boot.test.autoconfigure.web.servlet.WebDriverTestExecutionListener, org.springframework.test.context.web.ServletTestExecutionListener, org.springframework.test.context.support.DirtiesContextBeforeModesTestExecutionListener, org.springframework.test.context.support.DependencyInjectionTestExecutionListener, org.springframework.test.context.support.DirtiesContextTestExecutionListener, org.springframework.test.context.transaction.TransactionalTestExecutionListener, org.springframework.test.context.jdbc.SqlScriptsTestExecutionListener]
16:37:12.917 [main] DEBUG org.springframework.boot.test.context.SpringBootTestContextBootstrapper - Skipping candidate TestExecutionListener [org.springframework.test.context.transaction.TransactionalTestExecutionListener] due to a missing dependency. Specify custom listener classes or make the default listener classes and their required dependencies available. Offending class: [org/springframework/transaction/interceptor/TransactionAttributeSource]
16:37:12.918 [main] DEBUG org.springframework.boot.test.context.SpringBootTestContextBootstrapper - Skipping candidate TestExecutionListener [org.springframework.test.context.jdbc.SqlScriptsTestExecutionListener] due to a missing dependency. Specify custom listener classes or make the default listener classes and their required dependencies available. Offending class: [org/springframework/transaction/interceptor/TransactionAttribute]
16:37:12.919 [main] INFO org.springframework.boot.test.context.SpringBootTestContextBootstrapper - Using TestExecutionListeners: [org.springframework.test.context.web.ServletTestExecutionListener@33308786, org.springframework.test.context.support.DirtiesContextBeforeModesTestExecutionListener@4f9a2c08, org.springframework.boot.test.mock.mockito.MockitoTestExecutionListener@a87f8ec, org.springframework.boot.test.autoconfigure.SpringBootDependencyInjectionTestExecutionListener@5443d039, org.springframework.test.context.support.DirtiesContextTestExecutionListener@63787180, org.springframework.boot.test.mock.mockito.ResetMocksTestExecutionListener@7d1cfb8b, org.springframework.boot.test.autoconfigure.restdocs.RestDocsTestExecutionListener@48e92c5c, org.springframework.boot.test.autoconfigure.web.client.MockRestServiceServerResetTestExecutionListener@2e1ef60, org.springframework.boot.test.autoconfigure.web.servlet.MockMvcPrintOnlyOnFailureTestExecutionListener@22356acd, org.springframework.boot.test.autoconfigure.web.servlet.WebDriverTestExecutionListener@386f0da3]
16:37:12.926 [main] DEBUG org.springframework.test.context.support.AbstractDirtiesContextTestExecutionListener - Before test class: context [DefaultTestContext@47f9738 testClass = BreweryClientTest, testInstance = [null], testMethod = [null], testException = [null], mergedContextConfiguration = [WebMergedContextConfiguration@6155d082 testClass = BreweryClientTest, locations = '{}', classes = '{class guru.microservices.msscbreweryclient.MsscBreweryClientApplication}', contextInitializerClasses = '[]', activeProfiles = '{}', propertySourceLocations = '{}', propertySourceProperties = '{org.springframework.boot.test.context.SpringBootTestContextBootstrapper=true}', contextCustomizers = set[org.springframework.boot.test.context.filter.ExcludeFilterContextCustomizer@7f485fda, org.springframework.boot.test.json.DuplicateJsonObjectContextCustomizerFactory$DuplicateJsonObjectContextCustomizer@8519cb4, org.springframework.boot.test.mock.mockito.MockitoContextCustomizer@0, org.springframework.boot.test.web.client.TestRestTemplateContextCustomizer@353352b6, org.springframework.boot.test.autoconfigure.properties.PropertyMappingContextCustomizer@0, org.springframework.boot.test.autoconfigure.web.servlet.WebDriverContextCustomizerFactory$Customizer@1033576a], resourceBasePath = 'src/main/webapp', contextLoader = 'org.springframework.boot.test.context.SpringBootContextLoader', parent = [null]], attributes = map['org.springframework.test.context.web.ServletTestExecutionListener.activateListener' -> true]], class annotated with @DirtiesContext [false] with mode [null].
16:37:12.976 [main] DEBUG org.springframework.test.context.support.TestPropertySourceUtils - Adding inlined properties to environment: {spring.jmx.enabled=false, org.springframework.boot.test.context.SpringBootTestContextBootstrapper=true, server.port=-1}

  .   ____          _            __ _ _
 /\\ / ___'_ __ _ _(_)_ __  __ _ \ \ \ \
( ( )\___ | '_ | '_| | '_ \/ _` | \ \ \ \
 \\/  ___)| |_)| | | | | || (_| |  ) ) ) )
  '  |____| .__|_| |_|_| |_\__, | / / / /
 =========|_|==============|___/=/_/_/_/
 :: Spring Boot ::        (v2.1.6.RELEASE)

2019-08-17 16:37:18.350  INFO 26492 --- [           main] g.m.m.web.client.BreweryClientTest       : Starting BreweryClientTest on MacBook-Air-de-Seve.local with PID 26492 (started by sevevaldez in /Users/sevevaldez/Desktop/Mssc-brewery-client)
2019-08-17 16:37:18.352  INFO 26492 --- [           main] g.m.m.web.client.BreweryClientTest       : No active profile set, falling back to default profiles: default
2019-08-17 16:37:20.886  INFO 26492 --- [           main] o.s.s.concurrent.ThreadPoolTaskExecutor  : Initializing ExecutorService 'applicationTaskExecutor'
2019-08-17 16:37:21.352  INFO 26492 --- [           main] g.m.m.web.client.BreweryClientTest       : Started BreweryClientTest in 8.361 seconds (JVM running for 10.319)
]]></system-out>
  </testcase>
  <testcase name="testSaveNewCustomer" classname="guru.microservices.msscbreweryclient.web.client.BreweryClientTest" time="0.046">
    <error message="I/O error on POST request for &quot;http://localhost:8080/api/v1/customer/&quot;: Connect to localhost:8080 [localhost/127.0.0.1, localhost/0:0:0:0:0:0:0:1] failed: Connection refused (Connection refused); nested exception is org.apache.http.conn.HttpHostConnectException: Connect to localhost:8080 [localhost/127.0.0.1, localhost/0:0:0:0:0:0:0:1] failed: Connection refused (Connection refused)" type="org.springframework.web.client.ResourceAccessException">org.springframework.web.client.ResourceAccessException: I/O error on POST request for "http://localhost:8080/api/v1/customer/": Connect to localhost:8080 [localhost/127.0.0.1, localhost/0:0:0:0:0:0:0:1] failed: Connection refused (Connection refused); nested exception is org.apache.http.conn.HttpHostConnectException: Connect to localhost:8080 [localhost/127.0.0.1, localhost/0:0:0:0:0:0:0:1] failed: Connection refused (Connection refused)
	at guru.microservices.msscbreweryclient.web.client.BreweryClientTest.testSaveNewCustomer(BreweryClientTest.java:68)
Caused by: org.apache.http.conn.HttpHostConnectException: Connect to localhost:8080 [localhost/127.0.0.1, localhost/0:0:0:0:0:0:0:1] failed: Connection refused (Connection refused)
	at guru.microservices.msscbreweryclient.web.client.BreweryClientTest.testSaveNewCustomer(BreweryClientTest.java:68)
Caused by: java.net.ConnectException: Connection refused (Connection refused)
	at guru.microservices.msscbreweryclient.web.client.BreweryClientTest.testSaveNewCustomer(BreweryClientTest.java:68)
</error>
  </testcase>
  <testcase name="testUpdateBeer" classname="guru.microservices.msscbreweryclient.web.client.BreweryClientTest" time="0.015">
    <error message="I/O error on PUT request for &quot;http://localhost:8080/api/v1/beer/2a1dc844-2c12-4849-a566-0db83cf8211c&quot;: Connect to localhost:8080 [localhost/127.0.0.1, localhost/0:0:0:0:0:0:0:1] failed: Connection refused (Connection refused); nested exception is org.apache.http.conn.HttpHostConnectException: Connect to localhost:8080 [localhost/127.0.0.1, localhost/0:0:0:0:0:0:0:1] failed: Connection refused (Connection refused)" type="org.springframework.web.client.ResourceAccessException">org.springframework.web.client.ResourceAccessException: I/O error on PUT request for "http://localhost:8080/api/v1/beer/2a1dc844-2c12-4849-a566-0db83cf8211c": Connect to localhost:8080 [localhost/127.0.0.1, localhost/0:0:0:0:0:0:0:1] failed: Connection refused (Connection refused); nested exception is org.apache.http.conn.HttpHostConnectException: Connect to localhost:8080 [localhost/127.0.0.1, localhost/0:0:0:0:0:0:0:1] failed: Connection refused (Connection refused)
	at guru.microservices.msscbreweryclient.web.client.BreweryClientTest.testUpdateBeer(BreweryClientTest.java:46)
Caused by: org.apache.http.conn.HttpHostConnectException: Connect to localhost:8080 [localhost/127.0.0.1, localhost/0:0:0:0:0:0:0:1] failed: Connection refused (Connection refused)
	at guru.microservices.msscbreweryclient.web.client.BreweryClientTest.testUpdateBeer(BreweryClientTest.java:46)
Caused by: java.net.ConnectException: Connection refused (Connection refused)
	at guru.microservices.msscbreweryclient.web.client.BreweryClientTest.testUpdateBeer(BreweryClientTest.java:46)
</error>
  </testcase>
  <testcase name="getBeerById" classname="guru.microservices.msscbreweryclient.web.client.BreweryClientTest" time="0.012">
    <error message="I/O error on GET request for &quot;http://localhost:8080/api/v1/beer/6d5b90bc-97de-4174-9bc6-c97fd8c7ea0d&quot;: Connect to localhost:8080 [localhost/127.0.0.1, localhost/0:0:0:0:0:0:0:1] failed: Connection refused (Connection refused); nested exception is org.apache.http.conn.HttpHostConnectException: Connect to localhost:8080 [localhost/127.0.0.1, localhost/0:0:0:0:0:0:0:1] failed: Connection refused (Connection refused)" type="org.springframework.web.client.ResourceAccessException">org.springframework.web.client.ResourceAccessException: I/O error on GET request for "http://localhost:8080/api/v1/beer/6d5b90bc-97de-4174-9bc6-c97fd8c7ea0d": Connect to localhost:8080 [localhost/127.0.0.1, localhost/0:0:0:0:0:0:0:1] failed: Connection refused (Connection refused); nested exception is org.apache.http.conn.HttpHostConnectException: Connect to localhost:8080 [localhost/127.0.0.1, localhost/0:0:0:0:0:0:0:1] failed: Connection refused (Connection refused)
	at guru.microservices.msscbreweryclient.web.client.BreweryClientTest.getBeerById(BreweryClientTest.java:22)
Caused by: org.apache.http.conn.HttpHostConnectException: Connect to localhost:8080 [localhost/127.0.0.1, localhost/0:0:0:0:0:0:0:1] failed: Connection refused (Connection refused)
	at guru.microservices.msscbreweryclient.web.client.BreweryClientTest.getBeerById(BreweryClientTest.java:22)
Caused by: java.net.ConnectException: Connection refused (Connection refused)
	at guru.microservices.msscbreweryclient.web.client.BreweryClientTest.getBeerById(BreweryClientTest.java:22)
</error>
  </testcase>
  <testcase name="testUpdateCustomer" classname="guru.microservices.msscbreweryclient.web.client.BreweryClientTest" time="0.008">
    <error message="I/O error on PUT request for &quot;http://localhost:8080/api/v1/customer/1a3e96e7-bd90-42a2-aae5-3fa16428f88e&quot;: Connect to localhost:8080 [localhost/127.0.0.1, localhost/0:0:0:0:0:0:0:1] failed: Connection refused (Connection refused); nested exception is org.apache.http.conn.HttpHostConnectException: Connect to localhost:8080 [localhost/127.0.0.1, localhost/0:0:0:0:0:0:0:1] failed: Connection refused (Connection refused)" type="org.springframework.web.client.ResourceAccessException">org.springframework.web.client.ResourceAccessException: I/O error on PUT request for "http://localhost:8080/api/v1/customer/1a3e96e7-bd90-42a2-aae5-3fa16428f88e": Connect to localhost:8080 [localhost/127.0.0.1, localhost/0:0:0:0:0:0:0:1] failed: Connection refused (Connection refused); nested exception is org.apache.http.conn.HttpHostConnectException: Connect to localhost:8080 [localhost/127.0.0.1, localhost/0:0:0:0:0:0:0:1] failed: Connection refused (Connection refused)
	at guru.microservices.msscbreweryclient.web.client.BreweryClientTest.testUpdateCustomer(BreweryClientTest.java:81)
Caused by: org.apache.http.conn.HttpHostConnectException: Connect to localhost:8080 [localhost/127.0.0.1, localhost/0:0:0:0:0:0:0:1] failed: Connection refused (Connection refused)
	at guru.microservices.msscbreweryclient.web.client.BreweryClientTest.testUpdateCustomer(BreweryClientTest.java:81)
Caused by: java.net.ConnectException: Connection refused (Connection refused)
	at guru.microservices.msscbreweryclient.web.client.BreweryClientTest.testUpdateCustomer(BreweryClientTest.java:81)
</error>
  </testcase>
  <testcase name="testDeleteBeer" classname="guru.microservices.msscbreweryclient.web.client.BreweryClientTest" time="0.008">
    <error message="I/O error on DELETE request for &quot;http://localhost:8080/api/v1/beer/7fdbc854-fce0-40c2-9ae7-3f5867009114&quot;: Connect to localhost:8080 [localhost/127.0.0.1, localhost/0:0:0:0:0:0:0:1] failed: Connection refused (Connection refused); nested exception is org.apache.http.conn.HttpHostConnectException: Connect to localhost:8080 [localhost/127.0.0.1, localhost/0:0:0:0:0:0:0:1] failed: Connection refused (Connection refused)" type="org.springframework.web.client.ResourceAccessException">org.springframework.web.client.ResourceAccessException: I/O error on DELETE request for "http://localhost:8080/api/v1/beer/7fdbc854-fce0-40c2-9ae7-3f5867009114": Connect to localhost:8080 [localhost/127.0.0.1, localhost/0:0:0:0:0:0:0:1] failed: Connection refused (Connection refused); nested exception is org.apache.http.conn.HttpHostConnectException: Connect to localhost:8080 [localhost/127.0.0.1, localhost/0:0:0:0:0:0:0:1] failed: Connection refused (Connection refused)
	at guru.microservices.msscbreweryclient.web.client.BreweryClientTest.testDeleteBeer(BreweryClientTest.java:52)
Caused by: org.apache.http.conn.HttpHostConnectException: Connect to localhost:8080 [localhost/127.0.0.1, localhost/0:0:0:0:0:0:0:1] failed: Connection refused (Connection refused)
	at guru.microservices.msscbreweryclient.web.client.BreweryClientTest.testDeleteBeer(BreweryClientTest.java:52)
Caused by: java.net.ConnectException: Connection refused (Connection refused)
	at guru.microservices.msscbreweryclient.web.client.BreweryClientTest.testDeleteBeer(BreweryClientTest.java:52)
</error>
  </testcase>
  <testcase name="testDeleteCustomer" classname="guru.microservices.msscbreweryclient.web.client.BreweryClientTest" time="0.007">
    <error message="I/O error on DELETE request for &quot;http://localhost:8080/api/v1/customer/ee50d10f-7239-4b08-bfb4-5e1954a99af3&quot;: Connect to localhost:8080 [localhost/127.0.0.1, localhost/0:0:0:0:0:0:0:1] failed: Connection refused (Connection refused); nested exception is org.apache.http.conn.HttpHostConnectException: Connect to localhost:8080 [localhost/127.0.0.1, localhost/0:0:0:0:0:0:0:1] failed: Connection refused (Connection refused)" type="org.springframework.web.client.ResourceAccessException">org.springframework.web.client.ResourceAccessException: I/O error on DELETE request for "http://localhost:8080/api/v1/customer/ee50d10f-7239-4b08-bfb4-5e1954a99af3": Connect to localhost:8080 [localhost/127.0.0.1, localhost/0:0:0:0:0:0:0:1] failed: Connection refused (Connection refused); nested exception is org.apache.http.conn.HttpHostConnectException: Connect to localhost:8080 [localhost/127.0.0.1, localhost/0:0:0:0:0:0:0:1] failed: Connection refused (Connection refused)
	at guru.microservices.msscbreweryclient.web.client.BreweryClientTest.testDeleteCustomer(BreweryClientTest.java:87)
Caused by: org.apache.http.conn.HttpHostConnectException: Connect to localhost:8080 [localhost/127.0.0.1, localhost/0:0:0:0:0:0:0:1] failed: Connection refused (Connection refused)
	at guru.microservices.msscbreweryclient.web.client.BreweryClientTest.testDeleteCustomer(BreweryClientTest.java:87)
Caused by: java.net.ConnectException: Connection refused (Connection refused)
	at guru.microservices.msscbreweryclient.web.client.BreweryClientTest.testDeleteCustomer(BreweryClientTest.java:87)
</error>
  </testcase>
  <testcase name="testSaveNewBeer" classname="guru.microservices.msscbreweryclient.web.client.BreweryClientTest" time="0.01">
    <error message="I/O error on POST request for &quot;http://localhost:8080/api/v1/beer/&quot;: Connect to localhost:8080 [localhost/127.0.0.1, localhost/0:0:0:0:0:0:0:1] failed: Connection refused (Connection refused); nested exception is org.apache.http.conn.HttpHostConnectException: Connect to localhost:8080 [localhost/127.0.0.1, localhost/0:0:0:0:0:0:0:1] failed: Connection refused (Connection refused)" type="org.springframework.web.client.ResourceAccessException">org.springframework.web.client.ResourceAccessException: I/O error on POST request for "http://localhost:8080/api/v1/beer/": Connect to localhost:8080 [localhost/127.0.0.1, localhost/0:0:0:0:0:0:0:1] failed: Connection refused (Connection refused); nested exception is org.apache.http.conn.HttpHostConnectException: Connect to localhost:8080 [localhost/127.0.0.1, localhost/0:0:0:0:0:0:0:1] failed: Connection refused (Connection refused)
	at guru.microservices.msscbreweryclient.web.client.BreweryClientTest.testSaveNewBeer(BreweryClientTest.java:33)
Caused by: org.apache.http.conn.HttpHostConnectException: Connect to localhost:8080 [localhost/127.0.0.1, localhost/0:0:0:0:0:0:0:1] failed: Connection refused (Connection refused)
	at guru.microservices.msscbreweryclient.web.client.BreweryClientTest.testSaveNewBeer(BreweryClientTest.java:33)
Caused by: java.net.ConnectException: Connection refused (Connection refused)
	at guru.microservices.msscbreweryclient.web.client.BreweryClientTest.testSaveNewBeer(BreweryClientTest.java:33)
</error>
  </testcase>
</testsuite>